commit 3a3818aaa2beba52935447910a109a867c66e93b
Author: curtuscd <duffc@purdue.edu>
Date:   Tue Jul 7 15:29:46 2015 -0400

    i believe the array has been blasted

commit 6e0de5bd7825a08e7da9404e768dca0a24419f34
Author: curtuscd <duffc@purdue.edu>
Date:   Tue Jul 7 15:24:52 2015 -0400

    did the sorting ones

commit 5678d3648e8250c0678e5cf7bf99651588da08d8
Author: curtuscd <duffc@purdue.edu>
Date:   Tue Jul 7 15:17:44 2015 -0400

    wrote some comparing functions

commit 6321902855951a82925191ce9e75cb95de98bf5d
Author: curtuscd <duffc@purdue.edu>
Date:   Tue Jul 7 15:06:30 2015 -0400

    implode might work

commit 31c7fa97d2911f610ffa6d34d72a1c6fb0cb4505
Author: curtuscd <duffc@purdue.edu>
Date:   Tue Jul 7 14:57:52 2015 -0400

    second one done i think

commit 2afd34cf6ae9d96724f5065e0669d014a88be069
Author: curtuscd <duffc@purdue.edu>
Date:   Tue Jul 7 14:23:55 2015 -0400

    little edits to first one

commit 33dbdb8edaa78dacc31e09e080c00bacd16ac6e5
Author: curtuscd <duffc@purdue.edu>
Date:   Tue Jul 7 13:58:46 2015 -0400

    did the first one

commit 0eb640e070121f7270bcb5612be5c51cab88e10f
Author: curtuscd <duffc@purdue.edu>
Date:   Tue Jul 7 13:19:46 2015 -0400

    beginning to code

commit 37436851bbc47380c50f540c98575fe9d5b36e77
Author: curtuscd <duffc@purdue.edu>
Date:   Mon Jun 22 15:20:36 2015 -0400

    again

commit 206f03fe1d431c00891705dd7f6731060cb4d109
Author: curtuscd <duffc@purdue.edu>
Date:   Fri Jun 19 15:13:33 2015 -0400

    again

commit 7728143f5e6bc6017b209054d362851466e325dc
Author: curtuscd <duffc@purdue.edu>
Date:   Fri Jun 19 14:08:00 2015 -0400

    start homework

commit 902404685758bc71d812fb3f33946fd79e69b1d4
Author: curtuscd <duffc@purdue.edu>
Date:   Fri Jun 19 13:34:26 2015 -0400

    Initial commit
